  [1m[35m (751.5ms)[0m  [1m[35mCREATE DATABASE "routes_development" ENCODING = 'unicode'[0m
  [1m[35m (159.5ms)[0m  [1m[35mCREATE DATABASE "routes_test" ENCODING = 'unicode'[0m
  [1m[35m (75.9ms)[0m  [1m[35mCREATE DATABASE "routes_development" ENCODING = 'unicode'[0m
  [1m[35m (59.5ms)[0m  [1m[35mCREATE DATABASE "routes_test" ENCODING = 'unicode'[0m
Started GET "/some_category[a_key]=another+value&some_category[a_second_key]=yet+another+value&some_category[inner_inner_hash][key]=value&something_else=aaahhhhh'" for ::1 at 2023-11-24 19:54:01 -0500
  [1m[35m (8.4ms)[0m  [1m[35mCREATE TABLE "schema_migrations" ("version" character varying NOT NULL PRIMARY KEY)[0m
  [1m[35m (2.2ms)[0m  [1m[35mCREATE TABLE "ar_internal_metadata" ("key" character varying NOT NULL PRIMARY KEY, "value" character varying, "created_at" timestamp(6) NOT NULL, "updated_at" timestamp(6) NOT NULL)[0m
  [1m[36mActiveRecord::SchemaMigration Load (0.4ms)[0m  [1m[34mSELECT "schema_migrations"."version" FROM "schema_migrations" ORDER BY "schema_migrations"."version" ASC[0m
  
ActionController::RoutingError (No route matches [GET] "/some_category[a_key]=another+value&some_category[a_second_key]=yet+another+value&some_category[inner_inner_hash][key]=value&something_else=aaahhhhh'"):
  
Started GET "/users" for ::1 at 2023-11-24 19:54:40 -0500

AbstractController::ActionNotFound - The action 'index' could not be found for UsersController:

Started GET "/users" for ::1 at 2023-11-24 19:55:48 -0500
Processing by UsersController#index as */*
No template found for UsersController#index, rendering head :no_content
Completed 204 No Content in 0ms (ActiveRecord: 0.0ms | Allocations: 359)


Started GET "/users" for ::1 at 2023-11-24 19:56:21 -0500
  [1m[36mActiveRecord::SchemaMigration Load (1.6ms)[0m  [1m[34mSELECT "schema_migrations"."version" FROM "schema_migrations" ORDER BY "schema_migrations"."version" ASC[0m
Processing by UsersController#index as */*
No template found for UsersController#index, rendering head :no_content
Completed 204 No Content in 1ms (ActiveRecord: 0.0ms | Allocations: 807)


Started GET "/users" for ::1 at 2023-11-24 19:56:57 -0500
Processing by UsersController#index as */*
  Rendering text template
  Rendered text template (Duration: 0.0ms | Allocations: 4)
Completed 200 OK in 4ms (Views: 4.1ms | ActiveRecord: 0.0ms | Allocations: 1832)


Started GET "//users?fav_food=pizza" for ::1 at 2023-11-24 19:58:07 -0500
Processing by UsersController#index as */*
  Parameters: {"fav_food"=>"pizza"}
  Rendering text template
  Rendered text template (Duration: 0.0ms | Allocations: 1)
Completed 200 OK in 1ms (Views: 1.3ms | ActiveRecord: 0.0ms | Allocations: 160)


Started GET "//users?admin=true" for ::1 at 2023-11-24 19:58:24 -0500
Processing by UsersController#index as */*
  Parameters: {"admin"=>"true"}
  Rendering text template
  Rendered text template (Duration: 0.0ms | Allocations: 1)
Completed 200 OK in 1ms (Views: 0.5ms | ActiveRecord: 0.0ms | Allocations: 138)


  [1m[36mActiveRecord::SchemaMigration Load (1.2ms)[0m  [1m[34mSELECT "schema_migrations"."version" FROM "schema_migrations" ORDER BY "schema_migrations"."version" ASC[0m
  [1m[36mActiveRecord::SchemaMigration Load (0.1ms)[0m  [1m[34mSELECT "schema_migrations"."version" FROM "schema_migrations" ORDER BY "schema_migrations"."version" ASC[0m
  [1m[35m (0.2ms)[0m  [1m[34mSELECT pg_try_advisory_lock(7618215552623189640)[0m
  [1m[36mActiveRecord::SchemaMigration Load (0.2ms)[0m  [1m[34mSELECT "schema_migrations"."version" FROM "schema_migrations" ORDER BY "schema_migrations"."version" ASC[0m
  [1m[35m (0.1ms)[0m  [1m[34mSELECT pg_advisory_unlock(7618215552623189640)[0m
  [1m[36mActiveRecord::SchemaMigration Load (0.4ms)[0m  [1m[34mSELECT "schema_migrations"."version" FROM "schema_migrations" ORDER BY "schema_migrations"."version" ASC[0m
  [1m[36mActiveRecord::SchemaMigration Load (1.8ms)[0m  [1m[34mSELECT "schema_migrations"."version" FROM "schema_migrations" ORDER BY "schema_migrations"."version" ASC[0m
  [1m[35m (0.1ms)[0m  [1m[34mSELECT pg_try_advisory_lock(7618215552623189640)[0m
  [1m[36mActiveRecord::SchemaMigration Load (1.0ms)[0m  [1m[34mSELECT "schema_migrations"."version" FROM "schema_migrations" ORDER BY "schema_migrations"."version" ASC[0m
  [1m[36mActiveRecord::InternalMetadata Load (1.8ms)[0m  [1m[34mSELECT * FROM "ar_internal_metadata" WHERE "ar_internal_metadata"."key" = $1 ORDER BY "ar_internal_metadata"."key" ASC LIMIT 1[0m  [[nil, "environment"]]
  [1m[36mActiveRecord::InternalMetadata Create (2.0ms)[0m  [1m[32mINSERT INTO "ar_internal_metadata" ("key", "value", "created_at", "updated_at") VALUES ('environment', 'development', '2023-11-25 01:12:23.985653', '2023-11-25 01:12:23.985655') RETURNING "key"[0m
Migrating to CreateUsers (20231125010920)
  [1m[36mTRANSACTION (0.1ms)[0m  [1m[35mBEGIN[0m
  [1m[35m (10.7ms)[0m  [1m[35mCREATE TABLE "users" ("id" bigserial primary key, "name" character varying NOT NULL, "email" character varying NOT NULL, "created_at" timestamp(6) NOT NULL, "updated_at" timestamp(6) NOT NULL)[0m
  [1m[36mActiveRecord::SchemaMigration Create (0.7ms)[0m  [1m[32mINSERT INTO "schema_migrations" ("version") VALUES ('20231125010920') RETURNING "version"[0m
  [1m[36mTRANSACTION (0.5ms)[0m  [1m[35mCOMMIT[0m
  [1m[35m (0.5ms)[0m  [1m[34mSELECT pg_advisory_unlock(7618215552623189640)[0m
  [1m[36mActiveRecord::SchemaMigration Load (0.2ms)[0m  [1m[34mSELECT "schema_migrations"."version" FROM "schema_migrations" ORDER BY "schema_migrations"."version" ASC[0m
  [1m[36mActiveRecord::SchemaMigration Load (1.5ms)[0m  [1m[34mSELECT "schema_migrations"."version" FROM "schema_migrations" ORDER BY "schema_migrations"."version" ASC[0m
Started GET "//users" for ::1 at 2023-11-24 20:13:09 -0500
  [1m[36mActiveRecord::SchemaMigration Load (1.1ms)[0m  [1m[34mSELECT "schema_migrations"."version" FROM "schema_migrations" ORDER BY "schema_migrations"."version" ASC[0m
Processing by UsersController#index as */*
  [1m[36mUser Load (0.7ms)[0m  [1m[34mSELECT "users".* FROM "users"[0m
  ↳ app/controllers/users_controller.rb:4:in `index'
Completed 200 OK in 26ms (Views: 7.2ms | ActiveRecord: 6.5ms | Allocations: 11066)


  [1m[36mTRANSACTION (0.3ms)[0m  [1m[35mBEGIN[0m
  [1m[36mUser Create (3.8ms)[0m  [1m[32mINSERT INTO "users" ("name", "email", "created_at", "updated_at") VALUES ($1, $2, $3, $4) RETURNING "id"[0m  [["name", "shaun"], ["email", "shaun@aa.io"], ["created_at", "2023-11-25 01:16:03.025333"], ["updated_at", "2023-11-25 01:16:03.025333"]]
  [1m[36mTRANSACTION (0.7ms)[0m  [1m[35mCOMMIT[0m
Started GET "//users" for ::1 at 2023-11-24 20:17:24 -0500
Processing by UsersController#index as */*
  [1m[36mUser Load (1.0ms)[0m  [1m[34mSELECT "users".* FROM "users"[0m
  ↳ app/controllers/users_controller.rb:4:in `index'
Completed 200 OK in 28ms (Views: 18.8ms | ActiveRecord: 9.1ms | Allocations: 7843)


  [1m[36mTRANSACTION (0.2ms)[0m  [1m[35mBEGIN[0m
  [1m[36mUser Create (1.2ms)[0m  [1m[32mINSERT INTO "users" ("name", "email", "created_at", "updated_at") VALUES ($1, $2, $3, $4) RETURNING "id"[0m  [["name", "eric"], ["email", "eric@aa.io"], ["created_at", "2023-11-25 01:18:43.793666"], ["updated_at", "2023-11-25 01:18:43.793666"]]
  [1m[36mTRANSACTION (0.5ms)[0m  [1m[35mCOMMIT[0m
Started GET "//users" for ::1 at 2023-11-24 20:18:52 -0500
Processing by UsersController#index as */*
  [1m[36mUser Load (0.7ms)[0m  [1m[34mSELECT "users".* FROM "users"[0m
  ↳ app/controllers/users_controller.rb:4:in `index'
Completed 200 OK in 3ms (Views: 2.1ms | ActiveRecord: 0.7ms | Allocations: 930)


Started GET "//users/:1" for ::1 at 2023-11-24 20:20:11 -0500
Processing by UsersController#show as */*
  Parameters: {"id"=>":1"}
  [1m[36mUser Load (0.9ms)[0m  [1m[34mSELECT "users".* FROM "users" WHERE "users"."id" = $1 LIMIT $2[0m  [["id", nil], ["LIMIT", 1]]
  ↳ app/controllers/users_controller.rb:8:in `show'
Completed 404 Not Found in 12ms (ActiveRecord: 1.3ms | Allocations: 4168)



ActiveRecord::RecordNotFound - Couldn't find User with 'id'=:1:
  app/controllers/users_controller.rb:8:in `show'

Started GET "//users/1" for ::1 at 2023-11-24 20:20:21 -0500
Processing by UsersController#show as */*
  Parameters: {"id"=>"1"}
  [1m[36mUser Load (0.3ms)[0m  [1m[34mSELECT "users".* FROM "users" WHERE "users"."id" = $1 LIMIT $2[0m  [["id", 1], ["LIMIT", 1]]
  ↳ app/controllers/users_controller.rb:8:in `show'
Completed 200 OK in 4ms (Views: 0.8ms | ActiveRecord: 0.3ms | Allocations: 743)


Started POST "//users" for ::1 at 2023-11-24 20:22:19 -0500
Processing by UsersController#create as */*
Completed 400 Bad Request in 1ms (ActiveRecord: 0.0ms | Allocations: 1114)



ActionController::ParameterMissing - param is missing or the value is empty: user:
  app/controllers/users_controller.rb:31:in `user_params'
  app/controllers/users_controller.rb:13:in `create'

Started POST "//users?user[name]=dom&user[email]=dom@aa.io" for ::1 at 2023-11-24 20:24:29 -0500
Processing by UsersController#create as */*
  Parameters: {"user"=>{"name"=>"dom", "email"=>"dom@aa.io"}}
  [1m[36mTRANSACTION (0.2ms)[0m  [1m[35mBEGIN[0m
  ↳ app/controllers/users_controller.rb:15:in `create'
  [1m[36mUser Create (2.0ms)[0m  [1m[32mINSERT INTO "users" ("name", "email", "created_at", "updated_at") VALUES ($1, $2, $3, $4) RETURNING "id"[0m  [["name", "dom"], ["email", "dom@aa.io"], ["created_at", "2023-11-25 01:24:29.428760"], ["updated_at", "2023-11-25 01:24:29.428760"]]
  ↳ app/controllers/users_controller.rb:15:in `create'
  [1m[36mTRANSACTION (0.7ms)[0m  [1m[35mCOMMIT[0m
  ↳ app/controllers/users_controller.rb:15:in `create'
Completed 200 OK in 22ms (Views: 0.8ms | ActiveRecord: 6.1ms | Allocations: 6310)


Started PATCH "//users/2?user[name]=kin&" for ::1 at 2023-11-24 20:29:00 -0500
Processing by UsersController#update as */*
  Parameters: {"id"=>"2", "user"=>{"name"=>"kin"}}
  [1m[36mUser Load (0.2ms)[0m  [1m[34mSELECT "users".* FROM "users" WHERE "users"."id" = $1 LIMIT $2[0m  [["id", 2], ["LIMIT", 1]]
  ↳ app/controllers/users_controller.rb:23:in `update'
  [1m[36mTRANSACTION (0.3ms)[0m  [1m[35mBEGIN[0m
  ↳ app/controllers/users_controller.rb:25:in `update'
  [1m[36mUser Update (1.7ms)[0m  [1m[33mUPDATE "users" SET "name" = $1, "updated_at" = $2 WHERE "users"."id" = $3[0m  [["name", "kin"], ["updated_at", "2023-11-25 01:29:00.214983"], ["id", 2]]
  ↳ app/controllers/users_controller.rb:25:in `update'
  [1m[36mTRANSACTION (0.9ms)[0m  [1m[35mCOMMIT[0m
  ↳ app/controllers/users_controller.rb:25:in `update'
Completed 200 OK in 10ms (Views: 0.2ms | ActiveRecord: 6.2ms | Allocations: 7167)


Started GET "//users" for ::1 at 2023-11-24 20:29:11 -0500
Processing by UsersController#index as */*
  Parameters: {"id"=>"2"}
  [1m[36mUser Load (0.3ms)[0m  [1m[34mSELECT "users".* FROM "users"[0m
  ↳ app/controllers/users_controller.rb:4:in `index'
Completed 200 OK in 4ms (Views: 3.4ms | ActiveRecord: 0.3ms | Allocations: 903)


Started DELETE "//users/2" for ::1 at 2023-11-24 20:30:13 -0500
Processing by UsersController#destroy as */*
  Parameters: {"id"=>"2"}
  [1m[36mUser Load (0.3ms)[0m  [1m[34mSELECT "users".* FROM "users" WHERE "users"."id" = $1 LIMIT $2[0m  [["id", 2], ["LIMIT", 1]]
  ↳ app/controllers/users_controller.rb:33:in `destroy'
  [1m[36mTRANSACTION (0.1ms)[0m  [1m[35mBEGIN[0m
  ↳ app/controllers/users_controller.rb:35:in `destroy'
  [1m[36mUser Destroy (0.8ms)[0m  [1m[31mDELETE FROM "users" WHERE "users"."id" = $1[0m  [["id", 2]]
  ↳ app/controllers/users_controller.rb:35:in `destroy'
  [1m[36mTRANSACTION (0.6ms)[0m  [1m[35mCOMMIT[0m
  ↳ app/controllers/users_controller.rb:35:in `destroy'
No template found for UsersController#destroy, rendering head :no_content
Completed 204 No Content in 11ms (ActiveRecord: 7.1ms | Allocations: 6711)


Started GET "//users" for ::1 at 2023-11-24 20:30:28 -0500
Processing by UsersController#index as */*
  Parameters: {"id"=>"2"}
  [1m[36mUser Load (0.4ms)[0m  [1m[34mSELECT "users".* FROM "users"[0m
  ↳ app/controllers/users_controller.rb:4:in `index'
Completed 200 OK in 5ms (Views: 4.4ms | ActiveRecord: 0.4ms | Allocations: 945)


Started DELETE "//users/1" for ::1 at 2023-11-24 20:32:45 -0500
Processing by UsersController#destroy as */*
  Parameters: {"id"=>"1"}
  [1m[36mUser Load (0.2ms)[0m  [1m[34mSELECT "users".* FROM "users" WHERE "users"."id" = $1 LIMIT $2[0m  [["id", 1], ["LIMIT", 1]]
  ↳ app/controllers/users_controller.rb:33:in `destroy'
  [1m[36mTRANSACTION (0.1ms)[0m  [1m[35mBEGIN[0m
  ↳ app/controllers/users_controller.rb:35:in `destroy'
  [1m[36mUser Destroy (0.6ms)[0m  [1m[31mDELETE FROM "users" WHERE "users"."id" = $1[0m  [["id", 1]]
  ↳ app/controllers/users_controller.rb:35:in `destroy'
  [1m[36mTRANSACTION (0.4ms)[0m  [1m[35mCOMMIT[0m
  ↳ app/controllers/users_controller.rb:35:in `destroy'
Completed 500 Internal Server Error in 11ms (ActiveRecord: 4.3ms | Allocations: 9077)



NameError - uninitialized constant UsersController::Users_url
        redirect_to Users_url
                    ^^^^^^^^^:
  app/controllers/users_controller.rb:36:in `destroy'

Started DELETE "//users/1" for ::1 at 2023-11-24 20:32:56 -0500
Processing by UsersController#destroy as */*
  Parameters: {"id"=>"1"}
  [1m[36mUser Load (0.1ms)[0m  [1m[34mSELECT "users".* FROM "users" WHERE "users"."id" = $1 LIMIT $2[0m  [["id", 1], ["LIMIT", 1]]
  ↳ app/controllers/users_controller.rb:33:in `destroy'
Completed 404 Not Found in 5ms (ActiveRecord: 3.1ms | Allocations: 3221)



ActiveRecord::RecordNotFound - Couldn't find User with 'id'=1:
  app/controllers/users_controller.rb:33:in `destroy'

Started GET "//users" for ::1 at 2023-11-24 20:33:46 -0500
Processing by UsersController#index as */*
  Parameters: {"id"=>"2"}
  [1m[36mUser Load (0.3ms)[0m  [1m[34mSELECT "users".* FROM "users"[0m
  ↳ app/controllers/users_controller.rb:4:in `index'
Completed 200 OK in 7ms (Views: 6.2ms | ActiveRecord: 0.3ms | Allocations: 2938)


  [1m[36mTRANSACTION (0.3ms)[0m  [1m[35mBEGIN[0m
  [1m[36mUser Create (2.7ms)[0m  [1m[32mINSERT INTO "users" ("name", "email", "created_at", "updated_at") VALUES ($1, $2, $3, $4) RETURNING "id"[0m  [["name", "jhon"], ["email", "jhon@aa.io"], ["created_at", "2023-11-25 01:34:36.339950"], ["updated_at", "2023-11-25 01:34:36.339950"]]
  [1m[36mTRANSACTION (0.7ms)[0m  [1m[35mCOMMIT[0m
Started GET "//users" for ::1 at 2023-11-24 20:34:46 -0500
Processing by UsersController#index as */*
  Parameters: {"id"=>"2"}
  [1m[36mUser Load (1.0ms)[0m  [1m[34mSELECT "users".* FROM "users"[0m
  ↳ app/controllers/users_controller.rb:4:in `index'
Completed 200 OK in 5ms (Views: 3.5ms | ActiveRecord: 1.0ms | Allocations: 819)


Started DELETE "//users/3" for ::1 at 2023-11-24 20:35:03 -0500
Processing by UsersController#destroy as */*
  Parameters: {"id"=>"3"}
  [1m[36mUser Load (0.2ms)[0m  [1m[34mSELECT "users".* FROM "users" WHERE "users"."id" = $1 LIMIT $2[0m  [["id", 3], ["LIMIT", 1]]
  ↳ app/controllers/users_controller.rb:33:in `destroy'
  [1m[36mTRANSACTION (0.1ms)[0m  [1m[35mBEGIN[0m
  ↳ app/controllers/users_controller.rb:35:in `destroy'
  [1m[36mUser Destroy (1.3ms)[0m  [1m[31mDELETE FROM "users" WHERE "users"."id" = $1[0m  [["id", 3]]
  ↳ app/controllers/users_controller.rb:35:in `destroy'
  [1m[36mTRANSACTION (0.9ms)[0m  [1m[35mCOMMIT[0m
  ↳ app/controllers/users_controller.rb:35:in `destroy'
Redirected to http://localhost:3000/users
Completed 302 Found in 8ms (ActiveRecord: 2.5ms | Allocations: 2454)


Started GET "/users" for ::1 at 2023-11-24 20:35:03 -0500
Processing by UsersController#index as */*
  [1m[36mUser Load (0.4ms)[0m  [1m[34mSELECT "users".* FROM "users"[0m
  ↳ app/controllers/users_controller.rb:4:in `index'
Completed 200 OK in 2ms (Views: 1.8ms | ActiveRecord: 0.3ms | Allocations: 767)


